proguard/seeds.txt
com.tuibian.aboutandset.About
com.tuibian.aboutandset.About: About()
com.tuibian.aboutandset.Set
com.tuibian.aboutandset.Set: Set()
com.tuibian.aboutandset.SetChangeUserPass
com.tuibian.aboutandset.SetChangeUserPass: SetChangeUserPass()
com.tuibian.aboutandset.SetChangeUserinfo
com.tuibian.aboutandset.SetChangeUserinfo: SetChangeUserinfo()
com.tuibian.activity.MessageWebview
com.tuibian.activity.MessageWebview: MessageWebview()
com.tuibian.activity.VenueInfoActivity
com.tuibian.activity.VenueInfoActivity: VenueInfoActivity()
com.tuibian.common.BaseFragmentActivity
com.tuibian.fragment.MeFragment
com.tuibian.fragment.MeFragment: MeFragment()
com.tuibian.fragment.ShopFragment
com.tuibian.fragment.ShopFragment: ShopFragment()
com.tuibian.fragment.TribeFragment
com.tuibian.fragment.TribeFragment: TribeFragment()
com.tuibian.fragment.VenueFragment
com.tuibian.fragment.VenueFragment: VenueFragment()
com.tuibian.login.LoginActivity
com.tuibian.login.LoginActivity: LoginActivity()
com.tuibian.login.RegActivity
com.tuibian.login.RegActivity: RegActivity()
com.tuibian.main.BaseActivity
com.tuibian.main.BaseActivity: BaseActivity()
com.tuibian.main.BaseApplication
com.tuibian.main.BaseApplication: BaseApplication()
com.tuibian.main.MainActivity
com.tuibian.main.MainActivity: MainActivity()
com.tuibian.main.TitleFragment
com.tuibian.main.TitleFragment: TitleFragment()
com.tuibian.model.CmdType: com.tuibian.model.CmdType[] values()
com.tuibian.model.CmdType: com.tuibian.model.CmdType valueOf(java.lang.String)
com.tuibian.update.CompleteReceiver
com.tuibian.update.CompleteReceiver: CompleteReceiver()
com.tuibian.util.ParcelableDate
com.tuibian.util.ParcelableDate: android.os.Parcelable$Creator CREATOR
com.tuibian.view.CircleImageView
com.tuibian.view.CircleImageView: CircleImageView(android.content.Context)
com.tuibian.view.CircleImageView: CircleImageView(android.content.Context,android.util.AttributeSet)
com.tuibian.view.CircleImageView: CircleImageView(android.content.Context,android.util.AttributeSet,int)
com.tuibian.view.NoScrollListView
com.tuibian.view.NoScrollListView: NoScrollListView(android.content.Context)
com.tuibian.view.NoScrollListView: NoScrollListView(android.content.Context,android.util.AttributeSet)
com.tuibian.view.NoScrollListView: NoScrollListView(android.content.Context,android.util.AttributeSet,int)
com.tuibian.view.bannerview.CircleFlowIndicator
com.tuibian.view.bannerview.CircleFlowIndicator: CircleFlowIndicator(android.content.Context)
com.tuibian.view.bannerview.CircleFlowIndicator: CircleFlowIndicator(android.content.Context,android.util.AttributeSet)
com.tuibian.view.bannerview.ViewFlow
com.tuibian.view.bannerview.ViewFlow: ViewFlow(android.content.Context)
com.tuibian.view.bannerview.ViewFlow: ViewFlow(android.content.Context,int)
com.tuibian.view.bannerview.ViewFlow: ViewFlow(android.content.Context,android.util.AttributeSet)
com.tuibian.welcome.GuidePageActivity
com.tuibian.welcome.GuidePageActivity: GuidePageActivity()
com.tuibian.welcome.WelcomeActivity
com.tuibian.welcome.WelcomeActivity: WelcomeActivity()
...
android.support.v4.app.BackStackState
android.support.v4.app.BackStackState: android.os.Parcelable$Creator CREATOR
android.support.v4.app.Fragment: Fragment()
android.support.v4.app.Fragment$SavedState
android.support.v4.app.Fragment$SavedState: android.os.Parcelable$Creator CREATOR
android.support.v4.app.FragmentActivity
android.support.v4.app.FragmentActivity: FragmentActivity()
android.support.v4.app.FragmentManagerState
android.support.v4.app.FragmentManagerState: android.os.Parcelable$Creator CREATOR
android.support.v4.app.FragmentState
android.support.v4.app.FragmentState: android.os.Parcelable$Creator CREATOR
android.support.v4.app.FragmentTabHost
android.support.v4.app.FragmentTabHost: FragmentTabHost(android.content.Context,android.util.AttributeSet)
android.support.v4.app.FragmentTabHost$SavedState
android.support.v4.app.FragmentTabHost$SavedState: android.os.Parcelable$Creator CREATOR
android.support.v4.content.FileProvider
android.support.v4.content.ModernAsyncTask$Status: android.support.v4.content.ModernAsyncTask$Status[] values()
android.support.v4.content.ModernAsyncTask$Status: android.support.v4.content.ModernAsyncTask$Status valueOf(java.lang.String)
android.support.v4.view.PagerTabStrip
android.support.v4.view.PagerTabStrip: PagerTabStrip(android.content.Context,android.util.AttributeSet)
android.support.v4.view.PagerTitleStrip
android.support.v4.view.PagerTitleStrip: PagerTitleStrip(android.content.Context,android.util.AttributeSet)
android.support.v4.view.ViewPager
android.support.v4.view.ViewPager: ViewPager(android.content.Context)
android.support.v4.view.ViewPager: ViewPager(android.content.Context,android.util.AttributeSet)
android.support.v4.view.ViewPager$LayoutParams
android.support.v4.view.ViewPager$LayoutParams: ViewPager$LayoutParams(android.content.Context,android.util.AttributeSet)
android.support.v4.view.ViewPager$SavedState
android.support.v4.view.ViewPager$SavedState: android.os.Parcelable$Creator CREATOR
android.support.v4.widget.DrawerLayout
android.support.v4.widget.DrawerLayout: DrawerLayout(android.content.Context,android.util.AttributeSet)
android.support.v4.widget.DrawerLayout: DrawerLayout(android.content.Context,android.util.AttributeSet,int)
android.support.v4.widget.DrawerLayout$LayoutParams
android.support.v4.widget.DrawerLayout$LayoutParams: DrawerLayout$LayoutParams(android.content.Context,android.util.AttributeSet)
android.support.v4.widget.DrawerLayout$SavedState
android.support.v4.widget.DrawerLayout$SavedState: android.os.Parcelable$Creator CREATOR
android.support.v4.widget.SlidingPaneLayout
android.support.v4.widget.SlidingPaneLayout: SlidingPaneLayout(android.content.Context,android.util.AttributeSet)
android.support.v4.widget.SlidingPaneLayout: SlidingPaneLayout(android.content.Context,android.util.AttributeSet,int)
android.support.v4.widget.SlidingPaneLayout$LayoutParams
android.support.v4.widget.SlidingPaneLayout$LayoutParams: SlidingPaneLayout$LayoutParams(android.content.Context,android.util.AttributeSet)
android.support.v4.widget.SlidingPaneLayout$SavedState
android.support.v4.widget.SlidingPaneLayout$SavedState: android.os.Parcelable$Creator CREATOR
com.amap.api.a.a.b$d: com.amap.api.a.a.b$d[] values()
com.amap.api.a.a.b$d: com.amap.api.a.a.b$d valueOf(java.lang.String)
com.amap.api.a.ac
com.amap.api.a.ac: android.os.Parcelable$Creator a
com.amap.api.a.ao$a: com.amap.api.a.ao$a[] values()
com.amap.api.a.ao$a: com.amap.api.a.ao$a valueOf(java.lang.String)
com.amap.api.a.az$a
com.amap.api.a.az$a: az$a(android.content.Context,android.util.AttributeSet)
com.amap.api.a.b
com.amap.api.a.b: b(android.content.Context,android.util.AttributeSet)
com.amap.api.a.b: b(android.content.Context,android.util.AttributeSet,int)
com.amap.api.a.b$b: com.amap.api.a.b$b[] values()
com.amap.api.a.b$b: com.amap.api.a.b$b valueOf(java.lang.String)