proguard/mapping.txt
com.tuibian.R -> com.tuibian.a:
com.tuibian.R$styleable -> com.tuibian.b:
    int[] CircleFlowIndicator -> a
    int[] CircleImageView -> b
    int[] PullToRefresh -> c
    int[] ViewFlow -> d
    int[] roundedimageview -> e
com.tuibian.aboutandset.About -> com.tuibian.aboutandset.About:
    void onCreate(android.os.Bundle) -> onCreate
    void initViews() -> e
    void initEvents() -> f
com.tuibian.aboutandset.Set -> com.tuibian.aboutandset.Set:
    android.widget.RelativeLayout change_pass -> n
    android.widget.RelativeLayout change_userinfo -> o
    android.widget.RelativeLayout quit -> z
    android.widget.RelativeLayout upload -> A
    void onCreate(android.os.Bundle) -> onCreate
    void onClick(android.view.View) -> onClick
    void initViews() -> e
    void initEvents() -> f
    void access$0(com.tuibian.aboutandset.Set) -> a
com.tuibian.aboutandset.Set$1 -> com.tuibian.aboutandset.a:
    com.tuibian.aboutandset.Set this$0 -> a
    void onClick(android.content.DialogInterface,int) -> onClick
com.tuibian.aboutandset.Set$2 -> com.tuibian.aboutandset.b:
    com.tuibian.aboutandset.Set this$0 -> a
    void onClick(android.content.DialogInterface,int) -> onClick
com.tuibian.aboutandset.SetChangeUserPass -> com.tuibian.aboutandset.SetChangeUserPass:
    android.widget.EditText Edchangepass_oldpass -> n
    android.widget.EditText Edchangepass_newpass -> o
    android.widget.EditText Edchangepass_newpass2 -> z
    android.widget.TextView Edchangepass_user -> A
    java.lang.String v_changepass_oldpass -> B
    java.lang.String v_changepass_newpass -> C
    java.lang.String v_changepass_newpass2 -> D
    android.widget.Button changepass_submit -> E
    android.widget.ImageView clean1 -> F
    android.widget.ImageView clean2 -> G
    android.widget.ImageView clean3 -> H
    java.lang.String newName -> I
    com.tuibian.aboutandset.SetChangeUserPass$MyAsyncTask myAsyncTask -> J
    java.lang.Boolean summit_status -> K
    void onCreate(android.os.Bundle) -> onCreate
    void doClick() -> g
    void initEvents() -> f
    void initViews() -> e
    boolean onTouchEvent(android.view.MotionEvent) -> onTouchEvent
    java.lang.Boolean access$0(com.tuibian.aboutandset.SetChangeUserPass) -> a
    android.widget.EditText access$1(com.tuibian.aboutandset.SetChangeUserPass) -> b
    android.widget.EditText access$2(com.tuibian.aboutandset.SetChangeUserPass) -> c
    android.widget.EditText access$3(com.tuibian.aboutandset.SetChangeUserPass) -> d
    android.widget.ImageView access$4(com.tuibian.aboutandset.SetChangeUserPass) -> e
    android.widget.ImageView access$5(com.tuibian.aboutandset.SetChangeUserPass) -> f
com.tuibian.aboutandset.SetChangeUserPass$1 -> com.tuibian.aboutandset.c:
    com.tuibian.aboutandset.SetChangeUserPass this$0 -> a
    void onClick(android.view.View) -> onClick
com.tuibian.aboutandset.SetChangeUserPass$2 -> com.tuibian.aboutandset.d:
    com.tuibian.aboutandset.SetChangeUserPass this$0 -> a
    void onClick(android.view.View) -> onClick
com.tuibian.aboutandset.SetChangeUserPass$3 -> com.tuibian.aboutandset.e:
    com.tuibian.aboutandset.SetChangeUserPass this$0 -> a
    void onClick(android.view.View) -> onClick
com.tuibian.aboutandset.SetChangeUserPass$4 -> com.tuibian.aboutandset.f:
    com.tuibian.aboutandset.SetChangeUserPass this$0 -> a
    void onClick(android.view.View) -> onClick
com.tuibian.aboutandset.SetChangeUserPass$5 -> com.tuibian.aboutandset.g:
    com.tuibian.aboutandset.SetChangeUserPass this$0 -> a
    void onFocusChange(android.view.View,boolean) -> onFocusChange
com.tuibian.aboutandset.SetChangeUserPass$6 -> com.tuibian.aboutandset.h:
    com.tuibian.aboutandset.SetChangeUserPass this$0 -> a
    void onFocusChange(android.view.View,boolean) -> onFocusChange
...
com.github.mikephil.charting.utils.Legend$LegendForm -> com.github.mikephil.charting.d.d:
    com.github.mikephil.charting.utils.Legend$LegendForm SQUARE -> a
    com.github.mikephil.charting.utils.Legend$LegendForm CIRCLE -> b
    com.github.mikephil.charting.utils.Legend$LegendForm LINE -> c
    com.github.mikephil.charting.utils.Legend$LegendForm[] ENUM$VALUES -> d
    com.github.mikephil.charting.utils.Legend$LegendForm[] values() -> values
    com.github.mikephil.charting.utils.Legend$LegendForm valueOf(java.lang.String) -> valueOf
com.github.mikephil.charting.utils.Legend$LegendPosition -> com.github.mikephil.charting.d.e:
    com.github.mikephil.charting.utils.Legend$LegendPosition RIGHT_OF_CHART -> a
    com.github.mikephil.charting.utils.Legend$LegendPosition BELOW_CHART_LEFT -> b
    com.github.mikephil.charting.utils.Legend$LegendPosition BELOW_CHART_RIGHT -> c
    com.github.mikephil.charting.utils.Legend$LegendPosition BELOW_CHART_CENTER -> d
    com.github.mikephil.charting.utils.Legend$LegendPosition[] ENUM$VALUES -> e
    com.github.mikephil.charting.utils.Legend$LegendPosition[] values() -> values
    com.github.mikephil.charting.utils.Legend$LegendPosition valueOf(java.lang.String) -> valueOf
com.github.mikephil.charting.utils.LimitLine -> com.github.mikephil.charting.d.f:
    float mLimit -> a
    float mLineWidth -> b
    int mLineColor -> c
    boolean mDrawValue -> d
    android.graphics.DashPathEffect mDashPathEffect -> e
    com.github.mikephil.charting.utils.LimitLine$LimitLabelPosition mLabelPosition -> f
    float getLimit() -> a
    float getLineWidth() -> b
    int getLineColor() -> c
    android.graphics.DashPathEffect getDashPathEffect() -> d
    boolean isDrawValueEnabled() -> e
    com.github.mikephil.charting.utils.LimitLine$LimitLabelPosition getLabelPosition() -> f
com.github.mikephil.charting.utils.LimitLine$LimitLabelPosition -> com.github.mikephil.charting.d.g:
    com.github.mikephil.charting.utils.LimitLine$LimitLabelPosition LEFT -> a
    com.github.mikephil.charting.utils.LimitLine$LimitLabelPosition RIGHT -> b
    com.github.mikephil.charting.utils.LimitLine$LimitLabelPosition[] ENUM$VALUES -> c
    com.github.mikephil.charting.utils.LimitLine$LimitLabelPosition[] values() -> values
    com.github.mikephil.charting.utils.LimitLine$LimitLabelPosition valueOf(java.lang.String) -> valueOf
com.github.mikephil.charting.utils.MarkerView -> com.github.mikephil.charting.d.h:
    float mXOffset -> a
    float mYOffset -> b
    void draw(android.graphics.Canvas,float,float) -> a
    void refreshContent$792fc70f() -> a
com.github.mikephil.charting.utils.PointD -> com.github.mikephil.charting.d.i:
    double x -> a
    double y -> b
    java.lang.String toString() -> toString
com.github.mikephil.charting.utils.SelInfo -> com.github.mikephil.charting.d.j:
    float val -> a
    int dataSetIndex -> b
com.github.mikephil.charting.utils.Utils -> com.github.mikephil.charting.d.k:
    android.content.res.Resources mRes -> a
    int[] POW_10 -> b
    void init(android.content.res.Resources) -> a
    float convertDpToPixel(float) -> a
    int calcTextWidth(android.graphics.Paint,java.lang.String) -> a
    int calcTextHeight(android.graphics.Paint,java.lang.String) -> b
    java.lang.String formatNumber(float,int,boolean) -> a
    float roundToNextSignificant(double) -> a
    double nextUp(double) -> b
    int getClosestDataSetIndex(java.util.ArrayList,float) -> a
com.github.mikephil.charting.utils.ValueFormatter -> com.github.mikephil.charting.d.l:
    java.lang.String getFormattedValue$6f5372eb() -> a