proguard/usage.txt
com.tuibian.BuildConfig
com.tuibian.R:
    10:10:public R()
com.tuibian.R$anim
com.tuibian.R$attr
com.tuibian.R$color
com.tuibian.R$dimen
com.tuibian.R$drawable
com.tuibian.R$id
com.tuibian.R$layout
com.tuibian.R$string
com.tuibian.R$style
com.tuibian.R$styleable:
    public static final int CircleFlowIndicator_activeColor
    public static final int CircleFlowIndicator_activeRadius
    public static final int CircleFlowIndicator_activeType
    public static final int CircleFlowIndicator_centered
    public static final int CircleFlowIndicator_circleSeparation
    public static final int CircleFlowIndicator_fadeOut
    public static final int CircleFlowIndicator_inactiveColor
    public static final int CircleFlowIndicator_inactiveType
    public static final int CircleFlowIndicator_radius
    public static final int CircleImageView_civ_border_color
    public static final int CircleImageView_civ_border_overlay
    public static final int CircleImageView_civ_border_width
    public static final int CircleImageView_civ_fill_color
    public static final int PullToRefresh_ptrAdapterViewBackground
    public static final int PullToRefresh_ptrAnimationStyle
    public static final int PullToRefresh_ptrDrawable
    public static final int PullToRefresh_ptrDrawableBottom
    public static final int PullToRefresh_ptrDrawableEnd
    public static final int PullToRefresh_ptrDrawableStart
    public static final int PullToRefresh_ptrDrawableTop
    public static final int PullToRefresh_ptrHeaderBackground
    public static final int PullToRefresh_ptrHeaderSubTextColor
    public static final int PullToRefresh_ptrHeaderTextAppearance
    public static final int PullToRefresh_ptrHeaderTextColor
com.tuibian.activity.VenueInfoActivity:
    private android.view.View view
com.tuibian.activity.VenueInfoActivity$GetDataTask
com.tuibian.business.model.CDataManager:
    private com.tuibian.business.model.CMsgMgr MsgMgr
    8:13:public com.tuibian.business.model.CMsgMgr GetMsgMgr()
com.tuibian.business.model.CMsg
com.tuibian.business.model.CMsgMgr
com.tuibian.business.model.CNews
com.tuibian.business.model.CPost:
    26:38:public CPost(org.json.JSONObject)
com.tuibian.business.model.CVenue:
    31:47:public CVenue(org.json.JSONObject)
com.tuibian.common.ActivityTack:
    60:65:public android.app.Activity getActivityByClassName(java.lang.String)
    70:75:public android.app.Activity getActivityByClass(java.lang.Class)
    84:86:public void popActivity(android.app.Activity)
    95:114:public varargs void popUntilActivity(java.lang.Class[])
com.tuibian.common.BaseArrayListAdapter
com.tuibian.common.BaseFragment
...
com.amap.api.a.e:
    24:33:public void onLocationChanged(android.location.Location)
com.amap.api.a.h:
    35:44:public void a()
    48:50:public void b()
    60:69:public void c()
    72:94:public void d()
com.amap.api.a.k:
    int c
    28:34:public k()
com.amap.api.a.l:
    9:9:public l()
com.amap.api.a.m:
    11:60:m()
com.amap.api.a.s:
    33:36:public void b(com.amap.api.a.s$a)
com.amap.api.a.t:
    int k
    int l
    51:56:public static com.amap.api.a.t a(float,float)
    60:64:public static com.amap.api.a.t a(float)
    68:68:public static com.amap.api.a.t b(float)
    72:77:public static com.amap.api.a.t a(float,android.graphics.Point)
    90:94:public static com.amap.api.a.t a(com.amap.api.maps2d.model.LatLng)
    124:124:public static com.amap.api.a.t b(com.amap.api.maps2d.model.LatLng)
    136:136:public static com.amap.api.a.t a(com.amap.api.maps2d.model.LatLng,float,float,float)
    154:159:public static com.amap.api.a.t a(com.amap.api.maps2d.model.LatLngBounds,int)
    164:171:public static com.amap.api.a.t a(com.amap.api.maps2d.model.LatLngBounds,int,int,int)
com.amap.api.a.u:
    33:36:public synchronized void b(com.amap.api.a.u$a)
com.amap.api.a.v:
    40:42:public void b()
    77:81:public boolean a(com.amap.api.a.ak)
    86:86:public int f()
    184:185:public void m()
    189:192:public boolean b(com.amap.api.maps2d.model.LatLng)
com.amap.api.a.w:
    23:30:public void a()
com.amap.api.a.x:
    8:8:public x()
com.amap.api.a.y:
    52:52:public y()
com.amap.api.a.z:
    78:81:public boolean a(com.amap.api.a.aa)
com.amap.api.location.AMapLocalDayWeatherForecast
com.amap.api.location.AMapLocalWeatherForecast
com.amap.api.location.AMapLocalWeatherListener
com.amap.api.location.AMapLocalWeatherLive
com.amap.api.location.AMapLocation:
    private java.lang.String a
    private java.lang.String b
    private java.lang.String c
    private java.lang.String d
    private java.lang.String e
    private java.lang.String f
    private java.lang.String g
    private java.lang.String h
    private java.lang.String i
    private com.amap.api.location.core.AMapLocException j
    20:20:public com.amap.api.location.core.AMapLocException getAMapException()
    24:25:public void setAMapException(com.amap.api.location.core.AMapLocException)
    28:29:void a(java.lang.String)
    32:33:void b(java.lang.String)
    36:36:public java.lang.String getPoiId()
    40:41:public void setPoiId(java.lang.String)
    44:44:public java.lang.String getFloor()
    48:49:public void setFloor(java.lang.String)
    52:53:public AMapLocation(java.lang.String)
    56:57:public AMapLocation(android.location.Location)
    60:60:public java.lang.String getProvince()
    64:65:public void setProvince(java.lang.String)
    68:68:public java.lang.String getCity()
    72:73:public void setCity(java.lang.String)
    76:76:public java.lang.String getDistrict()
    80:81:public void setDistrict(java.lang.String)
    84:84:public java.lang.String getCityCode()
    88:89:public void setCityCode(java.lang.String)
    92:92:public java.lang.String getAdCode()
    96:97:public void setAdCode(java.lang.String)
    100:100:public java.lang.String getAddress()
com.amap.api.location.AMapLocationListener
com.amap.api.location.LocationManagerProxy
com.amap.api.location.LocationManagerProxy$a
com.amap.api.location.LocationManagerProxy$b
com.amap.api.location.LocationProviderProxy
com.amap.api.location.a
com.amap.api.location.a$1
com.amap.api.location.a$a
com.amap.api.location.b
com.amap.api.location.b$a
com.amap.api.location.b$a$1
com.amap.api.location.c
com.amap.api.location.core.AMapLocException
com.amap.api.location.core.CoordinateConvert
com.amap.api.location.core.GeoPoint:
    19:22:public GeoPoint(int,int)
    24:27:public GeoPoint(long,long)
    74:74:public int getLongitudeE6()
    79:79:public int getLatitudeE6()
com.amap.api.location.core.a